<?xml version="1.0" encoding="UTF-8"?>
<!-- Generated by org.testng.reporters.JUnitReportReporter -->
<testsuite hostname="DESKTOP-GNQ7IEL" failures="0" tests="2" name="testNg.TestNgAnnovations" time="0.023" errors="0" timestamp="2022-12-28T12:00:03 IST" skipped="0">
  <testcase classname="testNg.TestNgAnnovations" name="validateUserID" time="0.010"/>
  <system-out>
    <![CDATA[validate user  Id]]>
  </system-out>
  <testcase classname="testNg.TestNgAnnovations" name="validateuserBalance" time="0.013"/>
  <system-out>
    <![CDATA[validate AccountBalance]]>
  </system-out>
</testsuite> <!-- testNg.TestNgAnnovations -->
