<?xml version="1.0" encoding="UTF-8"?>
<!-- Generated by org.testng.reporters.JUnitReportReporter -->
<testsuite hostname="DESKTOP-GNQ7IEL" failures="0" tests="2" name="testngkeywords.Priroty" time="0.021" errors="0" timestamp="2022-12-30T20:29:25 IST" skipped="0">
  <testcase classname="testngkeywords.Priroty" name="b" time="0.017"/>
  <system-out>
    <![CDATA[test B is running]]>
  </system-out>
  <testcase classname="testngkeywords.Priroty" name="c" time="0.004"/>
  <system-out>
    <![CDATA[test c is running]]>
  </system-out>
</testsuite> <!-- testngkeywords.Priroty -->
