<?xml version="1.0" encoding="UTF-8"?>
<!-- Generated by org.testng.reporters.JUnitReportReporter -->
<testsuite hostname="DESKTOP-GNQ7IEL" failures="0" tests="1" name="testngstudyxml.failedTest" time="0.016" errors="0" timestamp="2022-12-31T21:38:49 IST" skipped="0">
  <testcase classname="testngstudyxml.failedTest" name="d" time="0.016"/>
  <system-out>
    <![CDATA[test d is running]]>
  </system-out>
</testsuite> <!-- testngstudyxml.failedTest -->
