<?xml version="1.0" encoding="UTF-8"?>
<!-- Generated by org.testng.reporters.JUnitReportReporter -->
<testsuite hostname="DESKTOP-GNQ7IEL" failures="0" tests="3" name="testngstudyxml.test3" time="0.015" errors="0" timestamp="2022-12-31T21:20:02 IST" skipped="0">
  <testcase classname="testngstudyxml.test3" name="d" time="0.005"/>
  <system-out>
    <![CDATA[test d is running]]>
  </system-out>
  <testcase classname="testngstudyxml.test3" name="b" time="0.003"/>
  <system-out>
    <![CDATA[test b is running]]>
  </system-out>
  <testcase classname="testngstudyxml.test3" name="c" time="0.007"/>
  <system-out>
    <![CDATA[test c is running]]>
  </system-out>
</testsuite> <!-- testngstudyxml.test3 -->
