<?xml version="1.0" encoding="UTF-8"?>
<!-- Generated by org.testng.reporters.JUnitReportReporter -->
<testsuite hostname="DESKTOP-GNQ7IEL" failures="0" tests="1" name="testng_POMusingDDFandUTILITY.validatUserName" time="15.266" errors="0" timestamp="2023-01-25T15:11:28 IST" skipped="0">
  <testcase classname="testng_POMusingDDFandUTILITY.validatUserName" name="ValidateUserName" time="15.266"/>
  <system-out/>
</testsuite> <!-- testng_POMusingDDFandUTILITY.validatUserName -->
