<?xml version="1.0" encoding="UTF-8"?>
<!-- Generated by org.testng.reporters.JUnitReportReporter -->
<testsuite hostname="DESKTOP-GNQ7IEL" failures="0" tests="1" name="testNg.NewTest3" time="10.015" errors="0" timestamp="2023-01-02T17:37:41 IST" skipped="0">
  <testcase classname="testNg.NewTest3" name="f" time="10.015"/>
  <system-out/>
</testsuite> <!-- testNg.NewTest3 -->
