<?xml version="1.0" encoding="UTF-8"?>
<!-- Generated by org.testng.reporters.JUnitReportReporter -->
<testsuite hostname="DESKTOP-GNQ7IEL" failures="0" tests="1" name="testNGCBTesting.NewTest3" time="14.960" errors="0" timestamp="2023-01-03T21:07:27 IST" skipped="0">
  <testcase classname="testNGCBTesting.NewTest3" name="f" time="14.960"/>
  <system-out/>
</testsuite> <!-- testNGCBTesting.NewTest3 -->
