<?xml version="1.0" encoding="UTF-8"?>
<!-- Generated by org.testng.reporters.JUnitReportReporter -->
<testsuite hostname="DESKTOP-GNQ7IEL" failures="0" tests="1" name="testngstudyxml.ParallelandserialRunning" time="29.805" errors="0" timestamp="2022-12-31T21:55:42 IST" skipped="0">
  <testcase classname="testngstudyxml.ParallelandserialRunning" name="f" time="29.805"/>
  <system-out/>
</testsuite> <!-- testngstudyxml.ParallelandserialRunning -->
