<?xml version="1.0" encoding="UTF-8"?>
<!-- Generated by org.testng.reporters.JUnitReportReporter -->
<testsuite hostname="DESKTOP-GNQ7IEL" failures="0" tests="3" name="testngstudyxml.test4" time="0.037" errors="0" timestamp="2022-12-31T21:20:02 IST" skipped="0">
  <testcase classname="testngstudyxml.test4" name="i" time="0.002"/>
  <system-out>
    <![CDATA[test i is running]]>
  </system-out>
  <testcase classname="testngstudyxml.test4" name="f" time="0.032"/>
  <system-out>
    <![CDATA[test f is running]]>
  </system-out>
  <testcase classname="testngstudyxml.test4" name="j" time="0.003"/>
  <system-out>
    <![CDATA[test j is running]]>
  </system-out>
</testsuite> <!-- testngstudyxml.test4 -->
