<?xml version="1.0" encoding="UTF-8"?>
<!-- Generated by org.testng.reporters.JUnitReportReporter -->
<testsuite hostname="DESKTOP-GNQ7IEL" failures="0" tests="1" name="TESTNGPOMusingddf.validatUserName" time="17.034" errors="0" timestamp="2023-01-15T12:53:14 IST" skipped="0">
  <testcase classname="TESTNGPOMusingddf.validatUserName" name="ValidateUserName" time="17.034"/>
  <system-out/>
</testsuite> <!-- TESTNGPOMusingddf.validatUserName -->
