<?xml version="1.0" encoding="UTF-8"?>
<!-- Generated by org.testng.reporters.JUnitReportReporter -->
<testsuite hostname="DESKTOP-GNQ7IEL" failures="0" tests="1" name="testngstudyxml.SerialAndparallelruninng" time="7.650" errors="0" timestamp="2022-12-31T21:55:42 IST" skipped="0">
  <testcase classname="testngstudyxml.SerialAndparallelruninng" name="f" time="7.650"/>
  <system-out/>
</testsuite> <!-- testngstudyxml.SerialAndparallelruninng -->
