<?xml version="1.0" encoding="UTF-8"?>
<!-- Generated by org.testng.reporters.JUnitReportReporter -->
<testsuite hostname="DESKTOP-GNQ7IEL" failures="0" tests="1" name="TESTNGCBtesting.cbtesting" time="17.153" errors="0" timestamp="2023-01-13T13:19:19 IST" skipped="0">
  <testcase classname="TESTNGCBtesting.cbtesting" name="cbtest" time="17.153"/>
  <system-out/>
</testsuite> <!-- TESTNGCBtesting.cbtesting -->
