<?xml version="1.0" encoding="UTF-8"?>
<!-- Generated by org.testng.reporters.JUnitReportReporter -->
<testsuite hostname="DESKTOP-GNQ7IEL" failures="0" tests="2" name="testNg.Googlechrome" time="16.318" errors="0" timestamp="2023-01-03T21:11:55 IST" skipped="0">
  <testcase classname="testNg.Googlechrome" name="Googlelaunch" time="9.013"/>
  <system-out>
    <![CDATA[hi this is reporter-->console]]>
  </system-out>
  <testcase classname="testNg.Googlechrome" name="upstoxlaunch" time="7.305"/>
  <system-out/>
</testsuite> <!-- testNg.Googlechrome -->
