<?xml version="1.0" encoding="UTF-8"?>
<!-- Generated by org.testng.reporters.JUnitReportReporter -->
<testsuite hostname="DESKTOP-GNQ7IEL" failures="0" tests="1" name="testngAssertverification.AssertNotEqual" time="0.023" errors="0" timestamp="2023-01-01T19:07:59 IST" skipped="0">
  <testcase classname="testngAssertverification.AssertNotEqual" name="f" time="0.023"/>
  <system-out/>
</testsuite> <!-- testngAssertverification.AssertNotEqual -->
