<?xml version="1.0" encoding="UTF-8"?>
<!-- Generated by org.testng.reporters.JUnitReportReporter -->
<testsuite hostname="DESKTOP-GNQ7IEL" failures="0" tests="5" name="testngkeywords.InnovationCount" time="0.037" errors="0" timestamp="2022-12-30T20:22:31 IST" skipped="0">
  <testcase classname="testngkeywords.InnovationCount" name="mytest" time="0.006"/>
  <system-out>
    <![CDATA[my test is running]]>
  </system-out>
  <testcase classname="testngkeywords.InnovationCount" name="mytest" time="0.011"/>
  <system-out>
    <![CDATA[my test is running]]>
  </system-out>
  <testcase classname="testngkeywords.InnovationCount" name="mytest" time="0.005"/>
  <system-out>
    <![CDATA[my test is running]]>
  </system-out>
  <testcase classname="testngkeywords.InnovationCount" name="mytest" time="0.011"/>
  <system-out>
    <![CDATA[my test is running]]>
  </system-out>
  <testcase classname="testngkeywords.InnovationCount" name="mytest" time="0.004"/>
  <system-out>
    <![CDATA[my test is running]]>
  </system-out>
</testsuite> <!-- testngkeywords.InnovationCount -->
