<?xml version="1.0" encoding="UTF-8"?>
<!-- Generated by org.testng.reporters.JUnitReportReporter -->
<testsuite hostname="DESKTOP-GNQ7IEL" failures="0" tests="2" name="testngstudyxml.test2" time="0.020" errors="0" timestamp="2022-12-31T21:02:33 IST" skipped="0">
  <testcase classname="testngstudyxml.test2" name="f" time="0.017"/>
  <system-out>
    <![CDATA[test a is running]]>
  </system-out>
  <testcase classname="testngstudyxml.test2" name="i" time="0.003"/>
  <system-out>
    <![CDATA[test b is running]]>
  </system-out>
</testsuite> <!-- testngstudyxml.test2 -->
