<?xml version="1.0" encoding="UTF-8"?>
<!-- Generated by org.testng.reporters.JUnitReportReporter -->
<testsuite hostname="DESKTOP-GNQ7IEL" failures="0" tests="2" name="testngstudyxml.test1" time="0.005" errors="0" timestamp="2022-12-31T21:02:33 IST" skipped="0">
  <testcase classname="testngstudyxml.test1" name="c" time="0.002"/>
  <system-out>
    <![CDATA[test c is running]]>
  </system-out>
  <testcase classname="testngstudyxml.test1" name="d" time="0.003"/>
  <system-out>
    <![CDATA[test d is running]]>
  </system-out>
</testsuite> <!-- testngstudyxml.test1 -->
