<?xml version="1.0" encoding="UTF-8"?>
<!-- Generated by org.testng.reporters.JUnitReportReporter -->
<testsuite hostname="DESKTOP-GNQ7IEL" failures="0" tests="1" name="testngkeywords.timeout" time="0.132" errors="0" timestamp="2022-12-30T21:21:26 IST" skipped="0">
  <testcase classname="testngkeywords.timeout" name="testing" time="0.132"/>
  <system-out>
    <![CDATA[TC testing is running]]>
  </system-out>
</testsuite> <!-- testngkeywords.timeout -->
