<?xml version="1.0" encoding="UTF-8"?>
<!-- Generated by org.testng.reporters.JUnitReportReporter -->
<testsuite hostname="DESKTOP-GNQ7IEL" failures="0" tests="1" name="testngAssertverification.Assertstudy" time="0.021" errors="0" timestamp="2023-01-01T19:00:42 IST" skipped="0">
  <testcase classname="testngAssertverification.Assertstudy" name="f" time="0.021"/>
  <system-out/>
</testsuite> <!-- testngAssertverification.Assertstudy -->
