<?xml version="1.0" encoding="UTF-8"?>
<!-- Generated by org.testng.reporters.JUnitReportReporter -->
<testsuite hostname="DESKTOP-GNQ7IEL" failures="0" tests="4" name="testngkeywords.enabled" time="0.024" errors="0" timestamp="2022-12-30T20:45:41 IST" skipped="1">
  <testcase classname="testngkeywords.enabled" name="c" time="0.019"/>
  <system-out>
    <![CDATA[test c is running]]>
  </system-out>
  <testcase classname="testngkeywords.enabled" name="a" time="0.002"/>
  <system-out>
    <![CDATA[test a is running]]>
  </system-out>
  <testcase classname="testngkeywords.enabled" name="b" time="0.003"/>
  <system-out>
    <![CDATA[String b is running]]>
  </system-out>
  <testcase classname="testngkeywords.enabled" name="d">
    <skipped/>
  </testcase> <!-- d -->
  <system-out/>
</testsuite> <!-- testngkeywords.enabled -->
