<?xml version="1.0" encoding="UTF-8"?>
<!-- Generated by org.testng.reporters.JUnitReportReporter -->
<testsuite hostname="DESKTOP-GNQ7IEL" failures="0" tests="1" name="testngAssertverification.AsertTrue" time="0.029" errors="0" timestamp="2023-01-01T19:25:45 IST" skipped="0">
  <testcase classname="testngAssertverification.AsertTrue" name="f" time="0.029"/>
  <system-out/>
</testsuite> <!-- testngAssertverification.AsertTrue -->
