<?xml version="1.0" encoding="UTF-8"?>
<!-- Generated by org.testng.reporters.JUnitReportReporter -->
<testsuite hostname="DESKTOP-GNQ7IEL" failures="0" tests="3" name="testngkeywords.DependOnMethod" time="0.023" errors="0" timestamp="2022-12-30T21:56:39 IST" skipped="1">
  <testcase classname="testngkeywords.DependOnMethod" name="c" time="0.019"/>
  <system-out>
    <![CDATA[test c is running]]>
  </system-out>
  <testcase classname="testngkeywords.DependOnMethod" name="a" time="0.004"/>
  <system-out>
    <![CDATA[Tc a is running]]>
  </system-out>
  <testcase classname="testngkeywords.DependOnMethod" name="b">
    <skipped/>
  </testcase> <!-- b -->
  <system-out/>
</testsuite> <!-- testngkeywords.DependOnMethod -->
